Determining if the pthread_create exist failed with the following output:
Change Dir: /home/hiep/catkin_ws/src/ceres_low/my_pcl_tutorial/cmake-build-debug/CMakeFiles/CMakeTmp

Run Build Command:"/usr/bin/make" "cmTC_731c3/fast"
/usr/bin/make -f CMakeFiles/cmTC_731c3.dir/build.make CMakeFiles/cmTC_731c3.dir/build
make[1]: Verzeichnis „/home/hiep/catkin_ws/src/ceres_low/my_pcl_tutorial/cmake-build-debug/CMakeFiles/CMakeTmp“ wird betreten
Building C object CMakeFiles/cmTC_731c3.dir/CheckSymbolExists.c.o
/usr/bin/cc    -o CMakeFiles/cmTC_731c3.dir/CheckSymbolExists.c.o   -c /home/hiep/catkin_ws/src/ceres_low/my_pcl_tutorial/cmake-build-debug/CMakeFiles/CMakeTmp/CheckSymbolExists.c
Linking C executable cmTC_731c3
/home/hiep/Downloads/clion-2018.3.4/bin/cmake/linux/bin/cmake -E cmake_link_script CMakeFiles/cmTC_731c3.dir/link.txt --verbose=1
/usr/bin/cc      -rdynamic CMakeFiles/cmTC_731c3.dir/CheckSymbolExists.c.o  -o cmTC_731c3 
CMakeFiles/cmTC_731c3.dir/CheckSymbolExists.c.o: In Funktion `main':
CheckSymbolExists.c:(.text+0x16): Nicht definierter Verweis auf `pthread_create'
collect2: error: ld returned 1 exit status
CMakeFiles/cmTC_731c3.dir/build.make:86: die Regel für Ziel „cmTC_731c3“ scheiterte
make[1]: *** [cmTC_731c3] Fehler 1
make[1]: Verzeichnis „/home/hiep/catkin_ws/src/ceres_low/my_pcl_tutorial/cmake-build-debug/CMakeFiles/CMakeTmp“ wird verlassen
Makefile:121: die Regel für Ziel „cmTC_731c3/fast“ scheiterte
make: *** [cmTC_731c3/fast] Fehler 2

File /home/hiep/catkin_ws/src/ceres_low/my_pcl_tutorial/cmake-build-debug/CMakeFiles/CMakeTmp/CheckSymbolExists.c:
/* */
#include <pthread.h>

int main(int argc, char** argv)
{
  (void)argv;
#ifndef pthread_create
  return ((int*)(&pthread_create))[argc];
#else
  (void)argc;
  return 0;
#endif
}

Determining if the function pthread_create exists in the pthreads failed with the following output:
Change Dir: /home/hiep/catkin_ws/src/ceres_low/my_pcl_tutorial/cmake-build-debug/CMakeFiles/CMakeTmp

Run Build Command:"/usr/bin/make" "cmTC_1916d/fast"
/usr/bin/make -f CMakeFiles/cmTC_1916d.dir/build.make CMakeFiles/cmTC_1916d.dir/build
make[1]: Verzeichnis „/home/hiep/catkin_ws/src/ceres_low/my_pcl_tutorial/cmake-build-debug/CMakeFiles/CMakeTmp“ wird betreten
Building C object CMakeFiles/cmTC_1916d.dir/CheckFunctionExists.c.o
/usr/bin/cc   -DCHECK_FUNCTION_EXISTS=pthread_create   -o CMakeFiles/cmTC_1916d.dir/CheckFunctionExists.c.o   -c /home/hiep/Downloads/clion-2018.3.4/bin/cmake/linux/share/cmake-3.13/Modules/CheckFunctionExists.c
Linking C executable cmTC_1916d
/home/hiep/Downloads/clion-2018.3.4/bin/cmake/linux/bin/cmake -E cmake_link_script CMakeFiles/cmTC_1916d.dir/link.txt --verbose=1
/usr/bin/cc  -DCHECK_FUNCTION_EXISTS=pthread_create    -rdynamic CMakeFiles/cmTC_1916d.dir/CheckFunctionExists.c.o  -o cmTC_1916d -lpthreads 
/usr/bin/ld: cannot find -lpthreads
collect2: error: ld returned 1 exit status
CMakeFiles/cmTC_1916d.dir/build.make:86: die Regel für Ziel „cmTC_1916d“ scheiterte
make[1]: *** [cmTC_1916d] Fehler 1
make[1]: Verzeichnis „/home/hiep/catkin_ws/src/ceres_low/my_pcl_tutorial/cmake-build-debug/CMakeFiles/CMakeTmp“ wird verlassen
Makefile:121: die Regel für Ziel „cmTC_1916d/fast“ scheiterte
make: *** [cmTC_1916d/fast] Fehler 2


